Using pre-set license
Built from '2021.1/release' branch; Version is '2021.1.1f1 (6fdc41dfa55a) revision 7330881'; Using compiler version '192528614'; Build Type 'Release'
OS: 'Windows 10 Home; OS build 19043.1826; Version 2009; 64bit' Language: 'en' Physical Memory: 8125 MB
BatchMode: 1, IsHumanControllingUs: 0, StartBugReporterOnCrash: 0, Is64bit: 1, IsPro: 0

 COMMAND LINE ARGUMENTS:
D:\Program Files\Unity\Hub\Editor\2021.1.1f1\Editor\Unity.exe
-adb2
-batchMode
-noUpm
-name
AssetImportWorker3
-projectPath
D:/User/Desktop/unity/tutorials/cup mixer
-logFile
Logs/AssetImportWorker3.log
-srvPort
54915
Successfully changed project path to: D:/User/Desktop/unity/tutorials/cup mixer
D:/User/Desktop/unity/tutorials/cup mixer
Using Asset Import Pipeline V2.
Refreshing native plugins compatible for Editor in 94.05 ms, found 2 plugins.
Preloading 0 native plugins for Editor in 0.00 ms.
Initialize engine version: 2021.1.1f1 (6fdc41dfa55a)
[Subsystems] Discovering subsystems at path D:/Program Files/Unity/Hub/Editor/2021.1.1f1/Editor/Data/Resources/UnitySubsystems
[Subsystems] Discovering subsystems at path D:/User/Desktop/unity/tutorials/cup mixer/Assets
GfxDevice: creating device client; threaded=0; jobified=0
Direct3D:
    Version:  Direct3D 11.0 [level 11.1]
    Renderer: NVIDIA GeForce GTX 1070 (ID=0x1b81)
    Vendor:   NVIDIA
    VRAM:     8088 MB
    Driver:   27.21.14.6647
Initialize mono
Mono path[0] = 'D:/Program Files/Unity/Hub/Editor/2021.1.1f1/Editor/Data/Managed'
Mono path[1] = 'D:/Program Files/Unity/Hub/Editor/2021.1.1f1/Editor/Data/MonoBleedingEdge/lib/mono/unityjit'
Mono config path = 'D:/Program Files/Unity/Hub/Editor/2021.1.1f1/Editor/Data/MonoBleedingEdge/etc'
Using monoOptions --debugger-agent=transport=dt_socket,embedding=1,server=y,suspend=n,address=127.0.0.1:56244
Begin MonoManager ReloadAssembly
Registering precompiled unity dll's ...
Register platform support module: D:/Program Files/Unity/Hub/Editor/2021.1.1f1/Editor/Data/PlaybackEngines/MacStandaloneSupport/UnityEditor.OSXStandalone.Extensions.dll
Register platform support module: D:/Program Files/Unity/Hub/Editor/2021.1.1f1/Editor/Data/PlaybackEngines/WindowsStandaloneSupport/UnityEditor.WindowsStandalone.Extensions.dll
Registered in 0.001400 seconds.
Native extension for WindowsStandalone target not found
Native extension for OSXStandalone target not found
Refreshing native plugins compatible for Editor in 80.03 ms, found 2 plugins.
Preloading 0 native plugins for Editor in 0.00 ms.
Mono: successfully reloaded assembly
- Completed reload, in  2.182 seconds
Platform modules already initialized, skipping
Registering precompiled user dll's ...
Registered in 0.002848 seconds.
Begin MonoManager ReloadAssembly
Native extension for WindowsStandalone target not found
Native extension for OSXStandalone target not found
Refreshing native plugins compatible for Editor in 81.94 ms, found 2 plugins.
Preloading 0 native plugins for Editor in 0.00 ms.
Mono: successfully reloaded assembly
- Completed reload, in  1.105 seconds
Platform modules already initialized, skipping
========================================================================
Worker process is ready to serve import requests
Launched and connected shader compiler UnityShaderCompiler.exe after 0.21 seconds
Refreshing native plugins compatible for Editor in 0.65 ms, found 2 plugins.
Preloading 0 native plugins for Editor in 0.00 ms.
Unloading 3412 Unused Serialized files (Serialized files now loaded: 0)
System memory in use before: 135.0 MB.
System memory in use after: 135.0 MB.

Unloading 29 unused Assets to reduce memory usage. Loaded Objects now: 3865.
Total: 2.405800 ms (FindLiveObjects: 0.284200 ms CreateObjectMapping: 0.142800 ms MarkObjects: 1.868400 ms  DeleteObjects: 0.109800 ms)

========================================================================
Received Import Request.
  path: Assets/Scenes/Lvl1.unity
  artifactKey: Guid(a90dfbfde1c051540a74c1cfb7153ce5) Importer(815301076,1909f56bfc062723c751e8b465ee728b)
Start importing Assets/Scenes/Lvl1.unity using Guid(a90dfbfde1c051540a74c1cfb7153ce5) Importer(815301076,1909f56bfc062723c751e8b465ee728b)  -> (artifact id: 'd35faddab36a0ff85fc87818df41fd94') in 0.033602 seconds 
========================================================================
Received Import Request.
  Time since last request: 76.290646 seconds.
  path: Assets/Scripts
  artifactKey: Guid(4c221e5e33147964fb26b660fd156d49) Importer(815301076,1909f56bfc062723c751e8b465ee728b)
Start importing Assets/Scripts using Guid(4c221e5e33147964fb26b660fd156d49) Importer(815301076,1909f56bfc062723c751e8b465ee728b)  -> (artifact id: '1188ae2f8bc0e0fd93ddfc3354132b77') in 0.001987 seconds 
========================================================================
Received Import Request.
  Time since last request: 1.690431 seconds.
  path: Assets/Sprites
  artifactKey: Guid(7d816af2ab4395e4a90e7ffdc30a2c71) Importer(815301076,1909f56bfc062723c751e8b465ee728b)
Start importing Assets/Sprites using Guid(7d816af2ab4395e4a90e7ffdc30a2c71) Importer(815301076,1909f56bfc062723c751e8b465ee728b)  -> (artifact id: 'fcab53a0fb0f1f49257e2bd6241c6d03') in 0.001798 seconds 
========================================================================
Received Import Request.
  Time since last request: 0.056147 seconds.
  path: Assets/Sprites/Box kosemi.png
  artifactKey: Guid(91c72086fec4bcb4abe6a3546f7e1774) Importer(815301076,1909f56bfc062723c751e8b465ee728b)
Start importing Assets/Sprites/Box kosemi.png using Guid(91c72086fec4bcb4abe6a3546f7e1774) Importer(815301076,1909f56bfc062723c751e8b465ee728b)  -> (artifact id: 'ab3275bb0efe97a84caa997fecb665dd') in 0.306293 seconds 
========================================================================
Received Import Request.
  Time since last request: 0.000220 seconds.
  path: Assets/Sprites/Dice.png
  artifactKey: Guid(8dbbfd93475af304e9230b42855458a4) Importer(815301076,1909f56bfc062723c751e8b465ee728b)
Start importing Assets/Sprites/Dice.png using Guid(8dbbfd93475af304e9230b42855458a4) Importer(815301076,1909f56bfc062723c751e8b465ee728b)  -> (artifact id: 'dd75bb9a16c0a051f788d5ae3aceba08') in 0.078220 seconds 
========================================================================
Received Import Request.
  Time since last request: 0.000280 seconds.
  path: Assets/Sprites/Title Screen.png
  artifactKey: Guid(c5bb326e933c630409466b38a44fd800) Importer(815301076,1909f56bfc062723c751e8b465ee728b)
Start importing Assets/Sprites/Title Screen.png using Guid(c5bb326e933c630409466b38a44fd800) Importer(815301076,1909f56bfc062723c751e8b465ee728b)  -> (artifact id: 'dc549ba4ebd274d9752fe9a3980b3608') in 0.135207 seconds 
========================================================================
Received Import Request.
  Time since last request: 0.000206 seconds.
  path: Assets/Sprites/Kosemi2.png
  artifactKey: Guid(6c91b99779f5f4649927b162a7b17700) Importer(815301076,1909f56bfc062723c751e8b465ee728b)
Start importing Assets/Sprites/Kosemi2.png using Guid(6c91b99779f5f4649927b162a7b17700) Importer(815301076,1909f56bfc062723c751e8b465ee728b)  -> (artifact id: 'b400cd60f9aa56b081d78968c29f0e60') in 0.052661 seconds 
========================================================================
Received Import Request.
  Time since last request: 0.000273 seconds.
  path: Assets/Sprites/Kosemi fb.png
  artifactKey: Guid(3bf6d9e648fe3c8428713bd6018a86e0) Importer(815301076,1909f56bfc062723c751e8b465ee728b)
Start importing Assets/Sprites/Kosemi fb.png using Guid(3bf6d9e648fe3c8428713bd6018a86e0) Importer(815301076,1909f56bfc062723c751e8b465ee728b)  -> (artifact id: 'b68f64f4d81f2662a2b1c689b96d7f57') in 0.047426 seconds 
========================================================================
Received Import Request.
  Time since last request: 0.000188 seconds.
  path: Assets/Sprites/Kosemi Square2.png
  artifactKey: Guid(6229801101cf3df41a6848874be23f7d) Importer(815301076,1909f56bfc062723c751e8b465ee728b)
Start importing Assets/Sprites/Kosemi Square2.png using Guid(6229801101cf3df41a6848874be23f7d) Importer(815301076,1909f56bfc062723c751e8b465ee728b)  -> (artifact id: '241bd528093565e0ef26fc829aa61583') in 0.142904 seconds 
========================================================================
Received Import Request.
  Time since last request: 0.000220 seconds.
  path: Assets/Sprites/Menu.png
  artifactKey: Guid(7ec9e778abef2094d8dd8d75c1b8a8d6) Importer(815301076,1909f56bfc062723c751e8b465ee728b)
Start importing Assets/Sprites/Menu.png using Guid(7ec9e778abef2094d8dd8d75c1b8a8d6) Importer(815301076,1909f56bfc062723c751e8b465ee728b)  -> (artifact id: '7ec42e33860737c7375631d9f83fa547') in 0.069802 seconds 
========================================================================
Received Import Request.
  Time since last request: 0.000269 seconds.
  path: Assets/Sprites/Kosemi.png
  artifactKey: Guid(175a3e00e127c6d41b8fb2b6bd099173) Importer(815301076,1909f56bfc062723c751e8b465ee728b)
Start importing Assets/Sprites/Kosemi.png using Guid(175a3e00e127c6d41b8fb2b6bd099173) Importer(815301076,1909f56bfc062723c751e8b465ee728b)  -> (artifact id: '417668234733a01505ab9faabc7bf035') in 0.205372 seconds 
========================================================================
Received Import Request.
  Time since last request: 0.000233 seconds.
  path: Assets/Sprites/Button.png
  artifactKey: Guid(30d98abfd13889f4ea54232f7b9cb39a) Importer(815301076,1909f56bfc062723c751e8b465ee728b)
Start importing Assets/Sprites/Button.png using Guid(30d98abfd13889f4ea54232f7b9cb39a) Importer(815301076,1909f56bfc062723c751e8b465ee728b)  -> (artifact id: '2c32ef6a609995eb56a36b622fde745d') in 0.071314 seconds 
========================================================================
Received Import Request.
  Time since last request: 0.000310 seconds.
  path: Assets/Sprites/Loading screen.png
  artifactKey: Guid(029011ed3ea00a147b14182d5853b78a) Importer(815301076,1909f56bfc062723c751e8b465ee728b)
Start importing Assets/Sprites/Loading screen.png using Guid(029011ed3ea00a147b14182d5853b78a) Importer(815301076,1909f56bfc062723c751e8b465ee728b)  -> (artifact id: '74dba46bfcd9c94deca393208f309f8a') in 0.098820 seconds 
========================================================================
Received Import Request.
  Time since last request: 0.000228 seconds.
  path: Assets/Sprites/Cup standing.png
  artifactKey: Guid(75dd5bd61c9d7e444925b08c9a76bc09) Importer(815301076,1909f56bfc062723c751e8b465ee728b)
Start importing Assets/Sprites/Cup standing.png using Guid(75dd5bd61c9d7e444925b08c9a76bc09) Importer(815301076,1909f56bfc062723c751e8b465ee728b)  -> (artifact id: '2142951a05cd87c5c70e0cb9bb067b25') in 0.058809 seconds 
========================================================================
Received Import Request.
  Time since last request: 0.000199 seconds.
  path: Assets/Sprites/Cup laying.png
  artifactKey: Guid(fa0e063291f54c14db0b3e2ba02c81bb) Importer(815301076,1909f56bfc062723c751e8b465ee728b)
Start importing Assets/Sprites/Cup laying.png using Guid(fa0e063291f54c14db0b3e2ba02c81bb) Importer(815301076,1909f56bfc062723c751e8b465ee728b)  -> (artifact id: 'e66b156fa53c7eda2f836402a6d713c7') in 0.023774 seconds 
========================================================================
Received Import Request.
  Time since last request: 0.000282 seconds.
  path: Assets/Sprites/Kosemi Square.png
  artifactKey: Guid(efa43c81e45240a4bad6073049d6709a) Importer(815301076,1909f56bfc062723c751e8b465ee728b)
Start importing Assets/Sprites/Kosemi Square.png using Guid(efa43c81e45240a4bad6073049d6709a) Importer(815301076,1909f56bfc062723c751e8b465ee728b)  -> (artifact id: '3c38e14b05fee8d0959ca1f6fc30ebcf') in 0.092113 seconds 
========================================================================
Received Import Request.
  Time since last request: 10.231275 seconds.
  path: Assets/Sprites/Roomes
  artifactKey: Guid(5670351884bdc2b42aafa4e8484d86dc) Importer(815301076,1909f56bfc062723c751e8b465ee728b)
Start importing Assets/Sprites/Roomes using Guid(5670351884bdc2b42aafa4e8484d86dc) Importer(815301076,1909f56bfc062723c751e8b465ee728b)  -> (artifact id: 'd99f74fecf1b285e66777b5b25b968e7') in 0.002803 seconds 
========================================================================
Received Import Request.
  Time since last request: 0.042909 seconds.
  path: Assets/Sprites/Roomes/Room 1.png
  artifactKey: Guid(6f42a563130712a4f9e29409ad7da657) Importer(815301076,1909f56bfc062723c751e8b465ee728b)
Start importing Assets/Sprites/Roomes/Room 1.png using Guid(6f42a563130712a4f9e29409ad7da657) Importer(815301076,1909f56bfc062723c751e8b465ee728b)  -> (artifact id: 'df10c61379620fc327ba930a580e036d') in 0.044462 seconds 
========================================================================
Received Import Request.
  Time since last request: 0.000292 seconds.
  path: Assets/Sprites/Roomes/Room 2.png
  artifactKey: Guid(83c5b0deac345164eb6cd435eed18540) Importer(815301076,1909f56bfc062723c751e8b465ee728b)
Start importing Assets/Sprites/Roomes/Room 2.png using Guid(83c5b0deac345164eb6cd435eed18540) Importer(815301076,1909f56bfc062723c751e8b465ee728b)  -> (artifact id: 'c4e6ed86ca2d50113c08dce149335078') in 0.050828 seconds 
========================================================================
Received Prepare
Registering precompiled user dll's ...
Registered in 0.041179 seconds.
Begin MonoManager ReloadAssembly
Native extension for WindowsStandalone target not found
Native extension for OSXStandalone target not found
Refreshing native plugins compatible for Editor in 0.58 ms, found 2 plugins.
Preloading 0 native plugins for Editor in 0.00 ms.
Mono: successfully reloaded assembly
- Completed reload, in  0.908 seconds
Platform modules already initialized, skipping
Refreshing native plugins compatible for Editor in 0.62 ms, found 2 plugins.
Preloading 0 native plugins for Editor in 0.00 ms.
Unloading 3401 Unused Serialized files (Serialized files now loaded: 0)
System memory in use before: 147.5 MB.
System memory in use after: 147.6 MB.

Unloading 17 unused Assets to reduce memory usage. Loaded Objects now: 4096.
Total: 2.697000 ms (FindLiveObjects: 0.395400 ms CreateObjectMapping: 0.221400 ms MarkObjects: 1.983200 ms  DeleteObjects: 0.096100 ms)

========================================================================
Received Prepare
Registering precompiled user dll's ...
Registered in 0.002832 seconds.
Begin MonoManager ReloadAssembly
Native extension for WindowsStandalone target not found
Native extension for OSXStandalone target not found
Refreshing native plugins compatible for Editor in 0.65 ms, found 2 plugins.
Preloading 0 native plugins for Editor in 0.00 ms.
Mono: successfully reloaded assembly
- Completed reload, in  0.872 seconds
Platform modules already initialized, skipping
Refreshing native plugins compatible for Editor in 0.70 ms, found 2 plugins.
Preloading 0 native plugins for Editor in 0.00 ms.
Unloading 3394 Unused Serialized files (Serialized files now loaded: 0)
System memory in use before: 147.3 MB.
System memory in use after: 147.4 MB.

Unloading 19 unused Assets to reduce memory usage. Loaded Objects now: 4098.
Total: 2.731000 ms (FindLiveObjects: 0.443200 ms CreateObjectMapping: 0.214800 ms MarkObjects: 1.975200 ms  DeleteObjects: 0.096500 ms)

========================================================================
Received Import Request.
  Time since last request: 563.186280 seconds.
  path: Assets
  artifactKey: Guid(00000000000000001000000000000000) Importer(815301076,1909f56bfc062723c751e8b465ee728b)
Start importing Assets using Guid(00000000000000001000000000000000) Importer(815301076,1909f56bfc062723c751e8b465ee728b)  -> (artifact id: '98ffa0a5e8f73f3457f64fc720c11ab1') in 0.008407 seconds 
========================================================================
Received Import Request.
  Time since last request: 92.952667 seconds.
  path: Assets/TutorialScript.cs
  artifactKey: Guid(633190a53222c1d44a75b93f2f97d0c2) Importer(815301076,1909f56bfc062723c751e8b465ee728b)
Start importing Assets/TutorialScript.cs using Guid(633190a53222c1d44a75b93f2f97d0c2) Importer(815301076,1909f56bfc062723c751e8b465ee728b)  -> (artifact id: '80d5cf470eb564defe0264bab9c4be4f') in 0.003935 seconds 
========================================================================
Received Prepare
Registering precompiled user dll's ...
Registered in 0.116809 seconds.
Begin MonoManager ReloadAssembly
Native extension for WindowsStandalone target not found
Native extension for OSXStandalone target not found
Refreshing native plugins compatible for Editor in 0.64 ms, found 2 plugins.
Preloading 0 native plugins for Editor in 0.00 ms.
Mono: successfully reloaded assembly
- Completed reload, in  4.767 seconds
Platform modules already initialized, skipping
Refreshing native plugins compatible for Editor in 0.62 ms, found 2 plugins.
Preloading 0 native plugins for Editor in 0.00 ms.
Unloading 3395 Unused Serialized files (Serialized files now loaded: 0)
System memory in use before: 147.3 MB.
System memory in use after: 147.4 MB.

Unloading 17 unused Assets to reduce memory usage. Loaded Objects now: 4103.
Total: 56.002600 ms (FindLiveObjects: 0.509100 ms CreateObjectMapping: 0.194700 ms MarkObjects: 55.188100 ms  DeleteObjects: 0.109400 ms)

========================================================================
Received Import Request.
  Time since last request: 2812.577870 seconds.
  path: Assets/TutorialScript.cs
  artifactKey: Guid(633190a53222c1d44a75b93f2f97d0c2) Importer(815301076,1909f56bfc062723c751e8b465ee728b)
Start importing Assets/TutorialScript.cs using Guid(633190a53222c1d44a75b93f2f97d0c2) Importer(815301076,1909f56bfc062723c751e8b465ee728b)  -> (artifact id: 'ed727ecd883c21dbedb6310582080987') in 0.006244 seconds 
========================================================================
Received Prepare
Registering precompiled user dll's ...
Registered in 0.073471 seconds.
Begin MonoManager ReloadAssembly
Native extension for WindowsStandalone target not found
Native extension for OSXStandalone target not found
Refreshing native plugins compatible for Editor in 1.63 ms, found 2 plugins.
Preloading 0 native plugins for Editor in 0.00 ms.
Mono: successfully reloaded assembly
- Completed reload, in  1.114 seconds
Platform modules already initialized, skipping
Refreshing native plugins compatible for Editor in 0.65 ms, found 2 plugins.
Preloading 0 native plugins for Editor in 0.00 ms.
Unloading 3395 Unused Serialized files (Serialized files now loaded: 0)
System memory in use before: 147.4 MB.
System memory in use after: 147.5 MB.

Unloading 17 unused Assets to reduce memory usage. Loaded Objects now: 4107.
Total: 2.944500 ms (FindLiveObjects: 0.397400 ms CreateObjectMapping: 0.140900 ms MarkObjects: 2.289400 ms  DeleteObjects: 0.115700 ms)

========================================================================
Received Prepare
Registering precompiled user dll's ...
Registered in 0.003202 seconds.
Begin MonoManager ReloadAssembly
Native extension for WindowsStandalone target not found
Native extension for OSXStandalone target not found
Refreshing native plugins compatible for Editor in 0.57 ms, found 2 plugins.
Preloading 0 native plugins for Editor in 0.00 ms.
Mono: successfully reloaded assembly
- Completed reload, in  1.023 seconds
Platform modules already initialized, skipping
Refreshing native plugins compatible for Editor in 0.64 ms, found 2 plugins.
Preloading 0 native plugins for Editor in 0.00 ms.
Unloading 3395 Unused Serialized files (Serialized files now loaded: 0)
System memory in use before: 147.4 MB.
System memory in use after: 147.5 MB.

Unloading 17 unused Assets to reduce memory usage. Loaded Objects now: 4111.
Total: 3.633600 ms (FindLiveObjects: 0.836100 ms CreateObjectMapping: 0.411100 ms MarkObjects: 2.269500 ms  DeleteObjects: 0.115600 ms)

========================================================================
Received Prepare
Registering precompiled user dll's ...
Registered in 0.002923 seconds.
Begin MonoManager ReloadAssembly
Native extension for WindowsStandalone target not found
Native extension for OSXStandalone target not found
Refreshing native plugins compatible for Editor in 0.66 ms, found 2 plugins.
Preloading 0 native plugins for Editor in 0.00 ms.
Mono: successfully reloaded assembly
- Completed reload, in  1.055 seconds
Platform modules already initialized, skipping
Refreshing native plugins compatible for Editor in 1.04 ms, found 2 plugins.
Preloading 0 native plugins for Editor in 0.00 ms.
Unloading 3395 Unused Serialized files (Serialized files now loaded: 0)
System memory in use before: 147.4 MB.
System memory in use after: 147.5 MB.

Unloading 17 unused Assets to reduce memory usage. Loaded Objects now: 4115.
Total: 2.727300 ms (FindLiveObjects: 0.396800 ms CreateObjectMapping: 0.198700 ms MarkObjects: 2.037100 ms  DeleteObjects: 0.093300 ms)

========================================================================
Received Prepare
Registering precompiled user dll's ...
Registered in 0.003212 seconds.
Begin MonoManager ReloadAssembly
Native extension for WindowsStandalone target not found
Native extension for OSXStandalone target not found
Refreshing native plugins compatible for Editor in 0.77 ms, found 2 plugins.
Preloading 0 native plugins for Editor in 0.00 ms.
Mono: successfully reloaded assembly
- Completed reload, in  0.914 seconds
Platform modules already initialized, skipping
Refreshing native plugins compatible for Editor in 0.60 ms, found 2 plugins.
Preloading 0 native plugins for Editor in 0.00 ms.
Unloading 3395 Unused Serialized files (Serialized files now loaded: 0)
System memory in use before: 147.4 MB.
System memory in use after: 147.5 MB.

Unloading 17 unused Assets to reduce memory usage. Loaded Objects now: 4119.
Total: 2.761400 ms (FindLiveObjects: 0.421800 ms CreateObjectMapping: 0.166700 ms MarkObjects: 1.995000 ms  DeleteObjects: 0.177100 ms)

========================================================================
Received Prepare
Registering precompiled user dll's ...
Registered in 0.003004 seconds.
Begin MonoManager ReloadAssembly
Native extension for WindowsStandalone target not found
Native extension for OSXStandalone target not found
Refreshing native plugins compatible for Editor in 1.25 ms, found 2 plugins.
Preloading 0 native plugins for Editor in 0.00 ms.
Mono: successfully reloaded assembly
- Completed reload, in  0.983 seconds
Platform modules already initialized, skipping
Refreshing native plugins compatible for Editor in 0.61 ms, found 2 plugins.
Preloading 0 native plugins for Editor in 0.00 ms.
Unloading 3395 Unused Serialized files (Serialized files now loaded: 0)
System memory in use before: 147.4 MB.
System memory in use after: 147.5 MB.

Unloading 17 unused Assets to reduce memory usage. Loaded Objects now: 4123.
Total: 4.671600 ms (FindLiveObjects: 0.276400 ms CreateObjectMapping: 0.150500 ms MarkObjects: 4.131300 ms  DeleteObjects: 0.112200 ms)

========================================================================
Received Prepare
Registering precompiled user dll's ...
Registered in 0.002938 seconds.
Begin MonoManager ReloadAssembly
Native extension for WindowsStandalone target not found
Native extension for OSXStandalone target not found
Refreshing native plugins compatible for Editor in 0.58 ms, found 2 plugins.
Preloading 0 native plugins for Editor in 0.00 ms.
Mono: successfully reloaded assembly
- Completed reload, in  0.883 seconds
Platform modules already initialized, skipping
Refreshing native plugins compatible for Editor in 0.61 ms, found 2 plugins.
Preloading 0 native plugins for Editor in 0.00 ms.
Unloading 3395 Unused Serialized files (Serialized files now loaded: 0)
System memory in use before: 147.4 MB.
System memory in use after: 147.6 MB.

Unloading 17 unused Assets to reduce memory usage. Loaded Objects now: 4127.
Total: 2.843700 ms (FindLiveObjects: 0.353800 ms CreateObjectMapping: 0.209300 ms MarkObjects: 2.182400 ms  DeleteObjects: 0.097500 ms)

========================================================================
Received Prepare
Registering precompiled user dll's ...
Registered in 0.003322 seconds.
Begin MonoManager ReloadAssembly
Native extension for WindowsStandalone target not found
Native extension for OSXStandalone target not found
Refreshing native plugins compatible for Editor in 0.59 ms, found 2 plugins.
Preloading 0 native plugins for Editor in 0.00 ms.
Mono: successfully reloaded assembly
- Completed reload, in  0.915 seconds
Platform modules already initialized, skipping
Refreshing native plugins compatible for Editor in 0.61 ms, found 2 plugins.
Preloading 0 native plugins for Editor in 0.00 ms.
Unloading 3395 Unused Serialized files (Serialized files now loaded: 0)
System memory in use before: 147.5 MB.
System memory in use after: 147.6 MB.

Unloading 17 unused Assets to reduce memory usage. Loaded Objects now: 4131.
Total: 2.521300 ms (FindLiveObjects: 0.279800 ms CreateObjectMapping: 0.147100 ms MarkObjects: 2.007000 ms  DeleteObjects: 0.086500 ms)

========================================================================
Received Prepare
Registering precompiled user dll's ...
Registered in 0.002923 seconds.
Begin MonoManager ReloadAssembly
Native extension for WindowsStandalone target not found
Native extension for OSXStandalone target not found
Refreshing native plugins compatible for Editor in 0.64 ms, found 2 plugins.
Preloading 0 native plugins for Editor in 0.00 ms.
Mono: successfully reloaded assembly
- Completed reload, in  0.969 seconds
Platform modules already initialized, skipping
Refreshing native plugins compatible for Editor in 0.61 ms, found 2 plugins.
Preloading 0 native plugins for Editor in 0.00 ms.
Unloading 3395 Unused Serialized files (Serialized files now loaded: 0)
System memory in use before: 147.5 MB.
System memory in use after: 147.6 MB.

Unloading 17 unused Assets to reduce memory usage. Loaded Objects now: 4135.
Total: 2.799300 ms (FindLiveObjects: 0.349900 ms CreateObjectMapping: 0.154300 ms MarkObjects: 2.201500 ms  DeleteObjects: 0.092600 ms)

========================================================================
Received Prepare
Registering precompiled user dll's ...
Registered in 0.002934 seconds.
Begin MonoManager ReloadAssembly
Native extension for WindowsStandalone target not found
Native extension for OSXStandalone target not found
Refreshing native plugins compatible for Editor in 0.73 ms, found 2 plugins.
Preloading 0 native plugins for Editor in 0.00 ms.
Mono: successfully reloaded assembly
- Completed reload, in  1.009 seconds
Platform modules already initialized, skipping
Refreshing native plugins compatible for Editor in 0.65 ms, found 2 plugins.
Preloading 0 native plugins for Editor in 0.00 ms.
Unloading 3395 Unused Serialized files (Serialized files now loaded: 0)
System memory in use before: 147.5 MB.
System memory in use after: 147.6 MB.

Unloading 17 unused Assets to reduce memory usage. Loaded Objects now: 4139.
Total: 2.907200 ms (FindLiveObjects: 0.456600 ms CreateObjectMapping: 0.254100 ms MarkObjects: 2.095200 ms  DeleteObjects: 0.099300 ms)

========================================================================
Received Prepare
Registering precompiled user dll's ...
Registered in 0.003059 seconds.
Begin MonoManager ReloadAssembly
Native extension for WindowsStandalone target not found
Native extension for OSXStandalone target not found
Refreshing native plugins compatible for Editor in 0.65 ms, found 2 plugins.
Preloading 0 native plugins for Editor in 0.00 ms.
Mono: successfully reloaded assembly
- Completed reload, in  0.997 seconds
Platform modules already initialized, skipping
Refreshing native plugins compatible for Editor in 0.79 ms, found 2 plugins.
Preloading 0 native plugins for Editor in 0.00 ms.
Unloading 3395 Unused Serialized files (Serialized files now loaded: 0)
System memory in use before: 147.5 MB.
System memory in use after: 147.6 MB.

Unloading 17 unused Assets to reduce memory usage. Loaded Objects now: 4143.
Total: 2.713700 ms (FindLiveObjects: 0.341300 ms CreateObjectMapping: 0.174300 ms MarkObjects: 2.107400 ms  DeleteObjects: 0.089800 ms)

========================================================================
Received Prepare
Registering precompiled user dll's ...
Registered in 0.006392 seconds.
Begin MonoManager ReloadAssembly
Native extension for WindowsStandalone target not found
Native extension for OSXStandalone target not found
Refreshing native plugins compatible for Editor in 0.61 ms, found 2 plugins.
Preloading 0 native plugins for Editor in 0.00 ms.
Mono: successfully reloaded assembly
- Completed reload, in  1.133 seconds
Platform modules already initialized, skipping
Refreshing native plugins compatible for Editor in 0.61 ms, found 2 plugins.
Preloading 0 native plugins for Editor in 0.00 ms.
Unloading 3395 Unused Serialized files (Serialized files now loaded: 0)
System memory in use before: 147.5 MB.
System memory in use after: 147.7 MB.

Unloading 17 unused Assets to reduce memory usage. Loaded Objects now: 4147.
Total: 3.409900 ms (FindLiveObjects: 0.729200 ms CreateObjectMapping: 0.283700 ms MarkObjects: 2.277500 ms  DeleteObjects: 0.117400 ms)

========================================================================
Received Prepare
Registering precompiled user dll's ...
Registered in 0.003205 seconds.
Begin MonoManager ReloadAssembly
Native extension for WindowsStandalone target not found
Native extension for OSXStandalone target not found
Refreshing native plugins compatible for Editor in 0.81 ms, found 2 plugins.
Preloading 0 native plugins for Editor in 0.00 ms.
Mono: successfully reloaded assembly
- Completed reload, in  1.106 seconds
Platform modules already initialized, skipping
Refreshing native plugins compatible for Editor in 0.67 ms, found 2 plugins.
Preloading 0 native plugins for Editor in 0.00 ms.
Unloading 3395 Unused Serialized files (Serialized files now loaded: 0)
System memory in use before: 147.6 MB.
System memory in use after: 147.7 MB.

Unloading 17 unused Assets to reduce memory usage. Loaded Objects now: 4151.
Total: 4.239100 ms (FindLiveObjects: 0.707500 ms CreateObjectMapping: 0.386200 ms MarkObjects: 3.023100 ms  DeleteObjects: 0.120300 ms)

========================================================================
Received Prepare
Registering precompiled user dll's ...
Registered in 0.002983 seconds.
Begin MonoManager ReloadAssembly
Native extension for WindowsStandalone target not found
Native extension for OSXStandalone target not found
Refreshing native plugins compatible for Editor in 0.69 ms, found 2 plugins.
Preloading 0 native plugins for Editor in 0.00 ms.
Mono: successfully reloaded assembly
- Completed reload, in  1.383 seconds
Platform modules already initialized, skipping
Refreshing native plugins compatible for Editor in 0.65 ms, found 2 plugins.
Preloading 0 native plugins for Editor in 0.00 ms.
Unloading 3395 Unused Serialized files (Serialized files now loaded: 0)
System memory in use before: 147.6 MB.
System memory in use after: 147.7 MB.

Unloading 17 unused Assets to reduce memory usage. Loaded Objects now: 4155.
Total: 3.280400 ms (FindLiveObjects: 0.489400 ms CreateObjectMapping: 0.234200 ms MarkObjects: 2.458600 ms  DeleteObjects: 0.097000 ms)

========================================================================
Received Prepare
Registering precompiled user dll's ...
Registered in 0.003604 seconds.
Begin MonoManager ReloadAssembly
Native extension for WindowsStandalone target not found
Native extension for OSXStandalone target not found
Refreshing native plugins compatible for Editor in 0.60 ms, found 2 plugins.
Preloading 0 native plugins for Editor in 0.00 ms.
Mono: successfully reloaded assembly
- Completed reload, in  0.923 seconds
Platform modules already initialized, skipping
Refreshing native plugins compatible for Editor in 0.69 ms, found 2 plugins.
Preloading 0 native plugins for Editor in 0.00 ms.
Unloading 3395 Unused Serialized files (Serialized files now loaded: 0)
System memory in use before: 147.6 MB.
System memory in use after: 147.7 MB.

Unloading 17 unused Assets to reduce memory usage. Loaded Objects now: 4159.
Total: 2.593900 ms (FindLiveObjects: 0.321100 ms CreateObjectMapping: 0.144500 ms MarkObjects: 2.040100 ms  DeleteObjects: 0.087600 ms)

========================================================================
Received Prepare
Registering precompiled user dll's ...
Registered in 0.003148 seconds.
Begin MonoManager ReloadAssembly
Native extension for WindowsStandalone target not found
Native extension for OSXStandalone target not found
Refreshing native plugins compatible for Editor in 0.99 ms, found 2 plugins.
Preloading 0 native plugins for Editor in 0.00 ms.
Mono: successfully reloaded assembly
- Completed reload, in  1.052 seconds
Platform modules already initialized, skipping
Refreshing native plugins compatible for Editor in 1.24 ms, found 2 plugins.
Preloading 0 native plugins for Editor in 0.00 ms.
Unloading 3395 Unused Serialized files (Serialized files now loaded: 0)
System memory in use before: 147.6 MB.
System memory in use after: 147.7 MB.

Unloading 17 unused Assets to reduce memory usage. Loaded Objects now: 4163.
Total: 2.985000 ms (FindLiveObjects: 0.325400 ms CreateObjectMapping: 0.209000 ms MarkObjects: 2.327500 ms  DeleteObjects: 0.122200 ms)

========================================================================
Received Prepare
Registering precompiled user dll's ...
Registered in 0.002934 seconds.
Begin MonoManager ReloadAssembly
Native extension for WindowsStandalone target not found
Native extension for OSXStandalone target not found
Refreshing native plugins compatible for Editor in 0.61 ms, found 2 plugins.
Preloading 0 native plugins for Editor in 0.00 ms.
Mono: successfully reloaded assembly
- Completed reload, in  0.943 seconds
Platform modules already initialized, skipping
Refreshing native plugins compatible for Editor in 0.80 ms, found 2 plugins.
Preloading 0 native plugins for Editor in 0.00 ms.
Unloading 3395 Unused Serialized files (Serialized files now loaded: 0)
System memory in use before: 147.6 MB.
System memory in use after: 147.7 MB.

Unloading 17 unused Assets to reduce memory usage. Loaded Objects now: 4167.
Total: 2.813300 ms (FindLiveObjects: 0.438100 ms CreateObjectMapping: 0.203700 ms MarkObjects: 2.062500 ms  DeleteObjects: 0.107700 ms)

========================================================================
Received Prepare
Registering precompiled user dll's ...
Registered in 0.002919 seconds.
Begin MonoManager ReloadAssembly
Native extension for WindowsStandalone target not found
Native extension for OSXStandalone target not found
Refreshing native plugins compatible for Editor in 0.63 ms, found 2 plugins.
Preloading 0 native plugins for Editor in 0.00 ms.
Mono: successfully reloaded assembly
- Completed reload, in  0.974 seconds
Platform modules already initialized, skipping
Refreshing native plugins compatible for Editor in 0.75 ms, found 2 plugins.
Preloading 0 native plugins for Editor in 0.00 ms.
Unloading 3395 Unused Serialized files (Serialized files now loaded: 0)
System memory in use before: 147.6 MB.
System memory in use after: 147.7 MB.

Unloading 17 unused Assets to reduce memory usage. Loaded Objects now: 4171.
Total: 2.603000 ms (FindLiveObjects: 0.319600 ms CreateObjectMapping: 0.160500 ms MarkObjects: 2.034100 ms  DeleteObjects: 0.088000 ms)

========================================================================
Received Prepare
Registering precompiled user dll's ...
Registered in 0.002967 seconds.
Begin MonoManager ReloadAssembly
Native extension for WindowsStandalone target not found
Native extension for OSXStandalone target not found
Refreshing native plugins compatible for Editor in 0.77 ms, found 2 plugins.
Preloading 0 native plugins for Editor in 0.00 ms.
Mono: successfully reloaded assembly
- Completed reload, in  0.992 seconds
Platform modules already initialized, skipping
Refreshing native plugins compatible for Editor in 1.84 ms, found 2 plugins.
Preloading 0 native plugins for Editor in 0.00 ms.
Unloading 3395 Unused Serialized files (Serialized files now loaded: 0)
System memory in use before: 147.6 MB.
System memory in use after: 147.7 MB.

Unloading 17 unused Assets to reduce memory usage. Loaded Objects now: 4175.
Total: 3.596400 ms (FindLiveObjects: 0.674100 ms CreateObjectMapping: 0.308800 ms MarkObjects: 2.522300 ms  DeleteObjects: 0.090200 ms)

========================================================================
Received Prepare
Registering precompiled user dll's ...
Registered in 0.003049 seconds.
Begin MonoManager ReloadAssembly
Native extension for WindowsStandalone target not found
Native extension for OSXStandalone target not found
Refreshing native plugins compatible for Editor in 0.73 ms, found 2 plugins.
Preloading 0 native plugins for Editor in 0.00 ms.
Mono: successfully reloaded assembly
- Completed reload, in  1.126 seconds
Platform modules already initialized, skipping
Refreshing native plugins compatible for Editor in 0.59 ms, found 2 plugins.
Preloading 0 native plugins for Editor in 0.00 ms.
Unloading 3395 Unused Serialized files (Serialized files now loaded: 0)
System memory in use before: 147.6 MB.
System memory in use after: 147.7 MB.

Unloading 17 unused Assets to reduce memory usage. Loaded Objects now: 4179.
Total: 2.707800 ms (FindLiveObjects: 0.453400 ms CreateObjectMapping: 0.182300 ms MarkObjects: 1.975700 ms  DeleteObjects: 0.095700 ms)

